<?xml version="1.0" encoding="UTF-8"?>
<!-- Generated by org.testng.reporters.JUnitXMLReporter -->
<testsuite hostname="Vijetha-Prabhakar" name="Test" tests="3" failures="0" timestamp="26 Dec 2019 12:47:45 GMT" time="190.425" errors="0">
  <testcase name="testLogin" time="0.0" classname="TestScripts.Gmail_lgnlgtTest">
    <skipped/>
  </testcase> <!-- testLogin -->
  <testcase name="compose" time="58.714" classname="TestScripts.Gmail_composetest"/>
  <testcase name="sentItems" time="32.611" classname="TestScripts.Gmail_sentitemsTest"/>
</testsuite> <!-- Test -->
